CRITICAL - 2022-07-24 00:01:42 --> Undefined variable $data
in APPPATH\Controllers\FileManager.php on line 45.
 1 APPPATH\Controllers\FileManager.php(45): CodeIgniter\Debug\Exceptions->errorHandler(2, 'Undefined variable $data', 'APPPATH\\Controllers\\FileManager.php', 45)
 2 SYSTEMPATH\CodeIgniter.php(896): App\Controllers\FileManager->getIndex()
 3 SYSTEMPATH\CodeIgniter.php(466): CodeIgniter\CodeIgniter->runController(Object(App\Controllers\FileManager))
 4 SYSTEMPATH\CodeIgniter.php(349): CodeIgniter\CodeIgniter->handleRequest(null, Object(Config\Cache), false)
 5 FCPATH\index.php(55): CodeIgniter\CodeIgniter->run()
 6 SYSTEMPATH\Commands\Server\rewrite.php(43): require_once('FCPATH\\index.php')
CRITICAL - 2022-07-24 00:19:15 --> syntax error, unexpected token "}"
in APPPATH\Controllers\FileManager.php on line 104.
 1 SYSTEMPATH\Autoloader\Autoloader.php(261): CodeIgniter\Autoloader\Autoloader->includeFile('APPPATH\\Controllers\\FileManager.php')
 2 SYSTEMPATH\Autoloader\Autoloader.php(239): CodeIgniter\Autoloader\Autoloader->loadInNamespace('App\\Controllers\\FileManager')
 3 [internal function]: CodeIgniter\Autoloader\Autoloader->loadClass('App\\Controllers\\FileManager')
 4 SYSTEMPATH\Router\AutoRouterImproved.php(264): class_exists('App\\Controllers\\FileManager')
 5 SYSTEMPATH\Router\AutoRouterImproved.php(115): CodeIgniter\Router\AutoRouterImproved->scanControllers([...])
 6 SYSTEMPATH\Router\Router.php(499): CodeIgniter\Router\AutoRouterImproved->getRoute('FileManager/uploadFile')
 7 SYSTEMPATH\Router\Router.php(205): CodeIgniter\Router\Router->autoRoute('FileManager/uploadFile')
 8 SYSTEMPATH\CodeIgniter.php(771): CodeIgniter\Router\Router->handle('FileManager/uploadFile')
 9 SYSTEMPATH\CodeIgniter.php(415): CodeIgniter\CodeIgniter->tryToRouteIt(Object(CodeIgniter\Router\RouteCollection))
10 SYSTEMPATH\CodeIgniter.php(349): CodeIgniter\CodeIgniter->handleRequest(null, Object(Config\Cache), false)
11 FCPATH\index.php(55): CodeIgniter\CodeIgniter->run()
12 SYSTEMPATH\Commands\Server\rewrite.php(43): require_once('FCPATH\\index.php')
CRITICAL - 2022-07-24 00:24:18 --> scandir(/uploads): The system cannot find the file specifi (code: 2)
in APPPATH\Views\filemanager\index.php on line 42.
 1 [internal function]: CodeIgniter\Debug\Exceptions->errorHandler(2, 'scandir(/uploads): The system cannot find the file specifi (code: 2)', 'APPPATH\\Views\\filemanager\\index.php', 42)
 2 APPPATH\Views\filemanager\index.php(42): scandir('/uploads')
 3 SYSTEMPATH\View\View.php(213): include('APPPATH\\Views\\filemanager\\index.php')
 4 SYSTEMPATH\View\View.php(216): CodeIgniter\View\View->CodeIgniter\View\{closure}()
 5 SYSTEMPATH\Common.php(1135): CodeIgniter\View\View->render('FileManager/index', [], true)
 6 APPPATH\Controllers\FileManager.php(83): view('FileManager/index', [...])
 7 SYSTEMPATH\CodeIgniter.php(896): App\Controllers\FileManager->postUploadFile()
 8 SYSTEMPATH\CodeIgniter.php(466): CodeIgniter\CodeIgniter->runController(Object(App\Controllers\FileManager))
 9 SYSTEMPATH\CodeIgniter.php(349): CodeIgniter\CodeIgniter->handleRequest(null, Object(Config\Cache), false)
10 FCPATH\index.php(55): CodeIgniter\CodeIgniter->run()
11 SYSTEMPATH\Commands\Server\rewrite.php(43): require_once('FCPATH\\index.php')
CRITICAL - 2022-07-24 00:26:50 --> scandir(public/uploads): The system cannot find the path specifi (code: 3)
in APPPATH\Views\filemanager\index.php on line 42.
 1 [internal function]: CodeIgniter\Debug\Exceptions->errorHandler(2, 'scandir(public/uploads): The system cannot find the path specifi (code: 3)', 'APPPATH\\Views\\filemanager\\index.php', 42)
 2 APPPATH\Views\filemanager\index.php(42): scandir('public/uploads')
 3 SYSTEMPATH\View\View.php(213): include('APPPATH\\Views\\filemanager\\index.php')
 4 SYSTEMPATH\View\View.php(216): CodeIgniter\View\View->CodeIgniter\View\{closure}()
 5 SYSTEMPATH\Common.php(1135): CodeIgniter\View\View->render('FileManager/index', [], true)
 6 APPPATH\Controllers\FileManager.php(83): view('FileManager/index', [...])
 7 SYSTEMPATH\CodeIgniter.php(896): App\Controllers\FileManager->postUploadFile()
 8 SYSTEMPATH\CodeIgniter.php(466): CodeIgniter\CodeIgniter->runController(Object(App\Controllers\FileManager))
 9 SYSTEMPATH\CodeIgniter.php(349): CodeIgniter\CodeIgniter->handleRequest(null, Object(Config\Cache), false)
10 FCPATH\index.php(55): CodeIgniter\CodeIgniter->run()
11 SYSTEMPATH\Commands\Server\rewrite.php(43): require_once('FCPATH\\index.php')
CRITICAL - 2022-07-24 00:29:39 --> scandir(public/uploads): The system cannot find the path specifi (code: 3)
in APPPATH\Views\filemanager\index.php on line 43.
 1 [internal function]: CodeIgniter\Debug\Exceptions->errorHandler(2, 'scandir(public/uploads): The system cannot find the path specifi (code: 3)', 'APPPATH\\Views\\filemanager\\index.php', 43)
 2 APPPATH\Views\filemanager\index.php(43): scandir('public/uploads')
 3 SYSTEMPATH\View\View.php(213): include('APPPATH\\Views\\filemanager\\index.php')
 4 SYSTEMPATH\View\View.php(216): CodeIgniter\View\View->CodeIgniter\View\{closure}()
 5 SYSTEMPATH\Common.php(1135): CodeIgniter\View\View->render('FileManager/index', [], true)
 6 APPPATH\Controllers\FileManager.php(41): view('FileManager/index', [...])
 7 SYSTEMPATH\CodeIgniter.php(896): App\Controllers\FileManager->getIndex()
 8 SYSTEMPATH\CodeIgniter.php(466): CodeIgniter\CodeIgniter->runController(Object(App\Controllers\FileManager))
 9 SYSTEMPATH\CodeIgniter.php(349): CodeIgniter\CodeIgniter->handleRequest(null, Object(Config\Cache), false)
10 FCPATH\index.php(55): CodeIgniter\CodeIgniter->run()
11 SYSTEMPATH\Commands\Server\rewrite.php(43): require_once('FCPATH\\index.php')
CRITICAL - 2022-07-24 00:31:24 --> Array to string conversion
in APPPATH\Views\filemanager\index.php on line 42.
 1 APPPATH\Views\filemanager\index.php(42): CodeIgniter\Debug\Exceptions->errorHandler(2, 'Array to string conversion', 'APPPATH\\Views\\filemanager\\index.php', 42)
 2 SYSTEMPATH\View\View.php(213): include('APPPATH\\Views\\filemanager\\index.php')
 3 SYSTEMPATH\View\View.php(216): CodeIgniter\View\View->CodeIgniter\View\{closure}()
 4 SYSTEMPATH\Common.php(1135): CodeIgniter\View\View->render('FileManager/index', [], true)
 5 APPPATH\Controllers\FileManager.php(41): view('FileManager/index', [...])
 6 SYSTEMPATH\CodeIgniter.php(896): App\Controllers\FileManager->getIndex()
 7 SYSTEMPATH\CodeIgniter.php(466): CodeIgniter\CodeIgniter->runController(Object(App\Controllers\FileManager))
 8 SYSTEMPATH\CodeIgniter.php(349): CodeIgniter\CodeIgniter->handleRequest(null, Object(Config\Cache), false)
 9 FCPATH\index.php(55): CodeIgniter\CodeIgniter->run()
10 SYSTEMPATH\Commands\Server\rewrite.php(43): require_once('FCPATH\\index.php')
CRITICAL - 2022-07-24 00:32:43 --> syntax error, unexpected identifier "in"
in APPPATH\Views\filemanager\index.php on line 45.
 1 SYSTEMPATH\View\View.php(216): CodeIgniter\View\View->CodeIgniter\View\{closure}()
 2 SYSTEMPATH\Common.php(1135): CodeIgniter\View\View->render('FileManager/index', [], true)
 3 APPPATH\Controllers\FileManager.php(41): view('FileManager/index', [...])
 4 SYSTEMPATH\CodeIgniter.php(896): App\Controllers\FileManager->getIndex()
 5 SYSTEMPATH\CodeIgniter.php(466): CodeIgniter\CodeIgniter->runController(Object(App\Controllers\FileManager))
 6 SYSTEMPATH\CodeIgniter.php(349): CodeIgniter\CodeIgniter->handleRequest(null, Object(Config\Cache), false)
 7 FCPATH\index.php(55): CodeIgniter\CodeIgniter->run()
 8 SYSTEMPATH\Commands\Server\rewrite.php(43): require_once('FCPATH\\index.php')
CRITICAL - 2022-07-24 00:35:43 --> syntax error, unexpected variable "$file", expecting "("
in APPPATH\Views\filemanager\index.php on line 43.
 1 SYSTEMPATH\View\View.php(216): CodeIgniter\View\View->CodeIgniter\View\{closure}()
 2 SYSTEMPATH\Common.php(1135): CodeIgniter\View\View->render('FileManager/index', [], true)
 3 APPPATH\Controllers\FileManager.php(41): view('FileManager/index', [...])
 4 SYSTEMPATH\CodeIgniter.php(896): App\Controllers\FileManager->getIndex()
 5 SYSTEMPATH\CodeIgniter.php(466): CodeIgniter\CodeIgniter->runController(Object(App\Controllers\FileManager))
 6 SYSTEMPATH\CodeIgniter.php(349): CodeIgniter\CodeIgniter->handleRequest(null, Object(Config\Cache), false)
 7 FCPATH\index.php(55): CodeIgniter\CodeIgniter->run()
 8 SYSTEMPATH\Commands\Server\rewrite.php(43): require_once('FCPATH\\index.php')
CRITICAL - 2022-07-24 00:35:52 --> syntax error, unexpected variable "$file", expecting "("
in APPPATH\Views\filemanager\index.php on line 43.
 1 SYSTEMPATH\View\View.php(216): CodeIgniter\View\View->CodeIgniter\View\{closure}()
 2 SYSTEMPATH\Common.php(1135): CodeIgniter\View\View->render('FileManager/index', [], true)
 3 APPPATH\Controllers\FileManager.php(41): view('FileManager/index', [...])
 4 SYSTEMPATH\CodeIgniter.php(896): App\Controllers\FileManager->getIndex()
 5 SYSTEMPATH\CodeIgniter.php(466): CodeIgniter\CodeIgniter->runController(Object(App\Controllers\FileManager))
 6 SYSTEMPATH\CodeIgniter.php(349): CodeIgniter\CodeIgniter->handleRequest(null, Object(Config\Cache), false)
 7 FCPATH\index.php(55): CodeIgniter\CodeIgniter->run()
 8 SYSTEMPATH\Commands\Server\rewrite.php(43): require_once('FCPATH\\index.php')
CRITICAL - 2022-07-24 00:40:36 --> Undefined constant "length"
in APPPATH\Views\filemanager\index.php on line 45.
 1 [internal function]: CodeIgniter\View\View->{closure}('ROOTPATH\\public')
 2 APPPATH\Views\filemanager\index.php(48): array_filter([...], Object(Closure))
 3 SYSTEMPATH\View\View.php(213): include('APPPATH\\Views\\filemanager\\index.php')
 4 SYSTEMPATH\View\View.php(216): CodeIgniter\View\View->CodeIgniter\View\{closure}()
 5 SYSTEMPATH\Common.php(1135): CodeIgniter\View\View->render('FileManager/index', [], true)
 6 APPPATH\Controllers\FileManager.php(41): view('FileManager/index', [...])
 7 SYSTEMPATH\CodeIgniter.php(896): App\Controllers\FileManager->getIndex()
 8 SYSTEMPATH\CodeIgniter.php(466): CodeIgniter\CodeIgniter->runController(Object(App\Controllers\FileManager))
 9 SYSTEMPATH\CodeIgniter.php(349): CodeIgniter\CodeIgniter->handleRequest(null, Object(Config\Cache), false)
10 FCPATH\index.php(55): CodeIgniter\CodeIgniter->run()
11 SYSTEMPATH\Commands\Server\rewrite.php(43): require_once('FCPATH\\index.php')
CRITICAL - 2022-07-24 00:40:43 --> Undefined constant "size"
in APPPATH\Views\filemanager\index.php on line 45.
 1 [internal function]: CodeIgniter\View\View->{closure}('ROOTPATH\\public')
 2 APPPATH\Views\filemanager\index.php(48): array_filter([...], Object(Closure))
 3 SYSTEMPATH\View\View.php(213): include('APPPATH\\Views\\filemanager\\index.php')
 4 SYSTEMPATH\View\View.php(216): CodeIgniter\View\View->CodeIgniter\View\{closure}()
 5 SYSTEMPATH\Common.php(1135): CodeIgniter\View\View->render('FileManager/index', [], true)
 6 APPPATH\Controllers\FileManager.php(41): view('FileManager/index', [...])
 7 SYSTEMPATH\CodeIgniter.php(896): App\Controllers\FileManager->getIndex()
 8 SYSTEMPATH\CodeIgniter.php(466): CodeIgniter\CodeIgniter->runController(Object(App\Controllers\FileManager))
 9 SYSTEMPATH\CodeIgniter.php(349): CodeIgniter\CodeIgniter->handleRequest(null, Object(Config\Cache), false)
10 FCPATH\index.php(55): CodeIgniter\CodeIgniter->run()
11 SYSTEMPATH\Commands\Server\rewrite.php(43): require_once('FCPATH\\index.php')
CRITICAL - 2022-07-24 00:48:50 --> syntax error, unexpected token "echo", expecting "," or ";"
in APPPATH\Views\filemanager\index.php on line 72.
 1 SYSTEMPATH\View\View.php(216): CodeIgniter\View\View->CodeIgniter\View\{closure}()
 2 SYSTEMPATH\Common.php(1135): CodeIgniter\View\View->render('FileManager/index', [], true)
 3 APPPATH\Controllers\FileManager.php(41): view('FileManager/index', [...])
 4 SYSTEMPATH\CodeIgniter.php(896): App\Controllers\FileManager->getIndex()
 5 SYSTEMPATH\CodeIgniter.php(466): CodeIgniter\CodeIgniter->runController(Object(App\Controllers\FileManager))
 6 SYSTEMPATH\CodeIgniter.php(349): CodeIgniter\CodeIgniter->handleRequest(null, Object(Config\Cache), false)
 7 FCPATH\index.php(55): CodeIgniter\CodeIgniter->run()
 8 SYSTEMPATH\Commands\Server\rewrite.php(43): require_once('FCPATH\\index.php')
CRITICAL - 2022-07-24 00:54:58 --> syntax error, unexpected identifier "delete_files", expecting "," or ";"
in APPPATH\Views\filemanager\index.php on line 73.
 1 SYSTEMPATH\View\View.php(216): CodeIgniter\View\View->CodeIgniter\View\{closure}()
 2 SYSTEMPATH\Common.php(1135): CodeIgniter\View\View->render('FileManager/index', [], true)
 3 APPPATH\Controllers\FileManager.php(41): view('FileManager/index', [...])
 4 SYSTEMPATH\CodeIgniter.php(896): App\Controllers\FileManager->getIndex()
 5 SYSTEMPATH\CodeIgniter.php(466): CodeIgniter\CodeIgniter->runController(Object(App\Controllers\FileManager))
 6 SYSTEMPATH\CodeIgniter.php(349): CodeIgniter\CodeIgniter->handleRequest(null, Object(Config\Cache), false)
 7 FCPATH\index.php(55): CodeIgniter\CodeIgniter->run()
 8 SYSTEMPATH\Commands\Server\rewrite.php(43): require_once('FCPATH\\index.php')
CRITICAL - 2022-07-24 00:55:12 --> syntax error, unexpected token "echo", expecting "," or ";"
in APPPATH\Views\filemanager\index.php on line 73.
 1 SYSTEMPATH\View\View.php(216): CodeIgniter\View\View->CodeIgniter\View\{closure}()
 2 SYSTEMPATH\Common.php(1135): CodeIgniter\View\View->render('FileManager/index', [], true)
 3 APPPATH\Controllers\FileManager.php(41): view('FileManager/index', [...])
 4 SYSTEMPATH\CodeIgniter.php(896): App\Controllers\FileManager->getIndex()
 5 SYSTEMPATH\CodeIgniter.php(466): CodeIgniter\CodeIgniter->runController(Object(App\Controllers\FileManager))
 6 SYSTEMPATH\CodeIgniter.php(349): CodeIgniter\CodeIgniter->handleRequest(null, Object(Config\Cache), false)
 7 FCPATH\index.php(55): CodeIgniter\CodeIgniter->run()
 8 SYSTEMPATH\Commands\Server\rewrite.php(43): require_once('FCPATH\\index.php')
CRITICAL - 2022-07-24 00:55:40 --> syntax error, unexpected token "echo"
in APPPATH\Views\filemanager\index.php on line 73.
 1 SYSTEMPATH\View\View.php(216): CodeIgniter\View\View->CodeIgniter\View\{closure}()
 2 SYSTEMPATH\Common.php(1135): CodeIgniter\View\View->render('FileManager/index', [], true)
 3 APPPATH\Controllers\FileManager.php(41): view('FileManager/index', [...])
 4 SYSTEMPATH\CodeIgniter.php(896): App\Controllers\FileManager->getIndex()
 5 SYSTEMPATH\CodeIgniter.php(466): CodeIgniter\CodeIgniter->runController(Object(App\Controllers\FileManager))
 6 SYSTEMPATH\CodeIgniter.php(349): CodeIgniter\CodeIgniter->handleRequest(null, Object(Config\Cache), false)
 7 FCPATH\index.php(55): CodeIgniter\CodeIgniter->run()
 8 SYSTEMPATH\Commands\Server\rewrite.php(43): require_once('FCPATH\\index.php')
CRITICAL - 2022-07-24 00:55:45 --> Call to undefined function delete_files()
in APPPATH\Views\filemanager\index.php on line 73.
 1 SYSTEMPATH\View\View.php(213): include()
 2 SYSTEMPATH\View\View.php(216): CodeIgniter\View\View->CodeIgniter\View\{closure}()
 3 SYSTEMPATH\Common.php(1135): CodeIgniter\View\View->render('FileManager/index', [], true)
 4 APPPATH\Controllers\FileManager.php(41): view('FileManager/index', [...])
 5 SYSTEMPATH\CodeIgniter.php(896): App\Controllers\FileManager->getIndex()
 6 SYSTEMPATH\CodeIgniter.php(466): CodeIgniter\CodeIgniter->runController(Object(App\Controllers\FileManager))
 7 SYSTEMPATH\CodeIgniter.php(349): CodeIgniter\CodeIgniter->handleRequest(null, Object(Config\Cache), false)
 8 FCPATH\index.php(55): CodeIgniter\CodeIgniter->run()
 9 SYSTEMPATH\Commands\Server\rewrite.php(43): require_once('FCPATH\\index.php')
CRITICAL - 2022-07-24 00:57:19 --> unlink(index.html): No such file or directory
in APPPATH\Views\filemanager\index.php on line 73.
 1 [internal function]: CodeIgniter\Debug\Exceptions->errorHandler(2, 'unlink(index.html): No such file or directory', 'APPPATH\\Views\\filemanager\\index.php', 73)
 2 APPPATH\Views\filemanager\index.php(73): unlink('index.html')
 3 SYSTEMPATH\View\View.php(213): include('APPPATH\\Views\\filemanager\\index.php')
 4 SYSTEMPATH\View\View.php(216): CodeIgniter\View\View->CodeIgniter\View\{closure}()
 5 SYSTEMPATH\Common.php(1135): CodeIgniter\View\View->render('FileManager/index', [], true)
 6 APPPATH\Controllers\FileManager.php(41): view('FileManager/index', [...])
 7 SYSTEMPATH\CodeIgniter.php(896): App\Controllers\FileManager->getIndex()
 8 SYSTEMPATH\CodeIgniter.php(466): CodeIgniter\CodeIgniter->runController(Object(App\Controllers\FileManager))
 9 SYSTEMPATH\CodeIgniter.php(349): CodeIgniter\CodeIgniter->handleRequest(null, Object(Config\Cache), false)
10 FCPATH\index.php(55): CodeIgniter\CodeIgniter->run()
11 SYSTEMPATH\Commands\Server\rewrite.php(43): require_once('FCPATH\\index.php')
CRITICAL - 2022-07-24 00:57:43 --> unlink(D:\xampp\htdocs\tests\public\uploadsindex.html): No such file or directory
in APPPATH\Views\filemanager\index.php on line 73.
 1 [internal function]: CodeIgniter\Debug\Exceptions->errorHandler(2, 'unlink(D:\\xampp\\htdocs\\tests\\public\\uploadsindex.html): No such file or directory', 'APPPATH\\Views\\filemanager\\index.php', 73)
 2 APPPATH\Views\filemanager\index.php(73): unlink('FCPATH\\uploadsindex.html')
 3 SYSTEMPATH\View\View.php(213): include('APPPATH\\Views\\filemanager\\index.php')
 4 SYSTEMPATH\View\View.php(216): CodeIgniter\View\View->CodeIgniter\View\{closure}()
 5 SYSTEMPATH\Common.php(1135): CodeIgniter\View\View->render('FileManager/index', [], true)
 6 APPPATH\Controllers\FileManager.php(41): view('FileManager/index', [...])
 7 SYSTEMPATH\CodeIgniter.php(896): App\Controllers\FileManager->getIndex()
 8 SYSTEMPATH\CodeIgniter.php(466): CodeIgniter\CodeIgniter->runController(Object(App\Controllers\FileManager))
 9 SYSTEMPATH\CodeIgniter.php(349): CodeIgniter\CodeIgniter->handleRequest(null, Object(Config\Cache), false)
10 FCPATH\index.php(55): CodeIgniter\CodeIgniter->run()
11 SYSTEMPATH\Commands\Server\rewrite.php(43): require_once('FCPATH\\index.php')
CRITICAL - 2022-07-24 00:57:52 --> syntax error, unexpected token "<"
in APPPATH\Views\filemanager\index.php on line 73.
 1 SYSTEMPATH\View\View.php(216): CodeIgniter\View\View->CodeIgniter\View\{closure}()
 2 SYSTEMPATH\Common.php(1135): CodeIgniter\View\View->render('FileManager/index', [], true)
 3 APPPATH\Controllers\FileManager.php(41): view('FileManager/index', [...])
 4 SYSTEMPATH\CodeIgniter.php(896): App\Controllers\FileManager->getIndex()
 5 SYSTEMPATH\CodeIgniter.php(466): CodeIgniter\CodeIgniter->runController(Object(App\Controllers\FileManager))
 6 SYSTEMPATH\CodeIgniter.php(349): CodeIgniter\CodeIgniter->handleRequest(null, Object(Config\Cache), false)
 7 FCPATH\index.php(55): CodeIgniter\CodeIgniter->run()
 8 SYSTEMPATH\Commands\Server\rewrite.php(43): require_once('FCPATH\\index.php')
CRITICAL - 2022-07-24 00:58:43 --> syntax error, unexpected string content ">Delete</a></td>";", expecting ")"
in APPPATH\Views\filemanager\index.php on line 73.
 1 SYSTEMPATH\View\View.php(216): CodeIgniter\View\View->CodeIgniter\View\{closure}()
 2 SYSTEMPATH\Common.php(1135): CodeIgniter\View\View->render('FileManager/index', [], true)
 3 APPPATH\Controllers\FileManager.php(41): view('FileManager/index', [...])
 4 SYSTEMPATH\CodeIgniter.php(896): App\Controllers\FileManager->getIndex()
 5 SYSTEMPATH\CodeIgniter.php(466): CodeIgniter\CodeIgniter->runController(Object(App\Controllers\FileManager))
 6 SYSTEMPATH\CodeIgniter.php(349): CodeIgniter\CodeIgniter->handleRequest(null, Object(Config\Cache), false)
 7 FCPATH\index.php(55): CodeIgniter\CodeIgniter->run()
 8 SYSTEMPATH\Commands\Server\rewrite.php(43): require_once('FCPATH\\index.php')
CRITICAL - 2022-07-24 00:59:53 --> syntax error, unexpected identifier "row", expecting ")"
in APPPATH\Views\filemanager\index.php on line 71.
 1 SYSTEMPATH\View\View.php(216): CodeIgniter\View\View->CodeIgniter\View\{closure}()
 2 SYSTEMPATH\Common.php(1135): CodeIgniter\View\View->render('FileManager/index', [], true)
 3 APPPATH\Controllers\FileManager.php(41): view('FileManager/index', [...])
 4 SYSTEMPATH\CodeIgniter.php(896): App\Controllers\FileManager->getIndex()
 5 SYSTEMPATH\CodeIgniter.php(466): CodeIgniter\CodeIgniter->runController(Object(App\Controllers\FileManager))
 6 SYSTEMPATH\CodeIgniter.php(349): CodeIgniter\CodeIgniter->handleRequest(null, Object(Config\Cache), false)
 7 FCPATH\index.php(55): CodeIgniter\CodeIgniter->run()
 8 SYSTEMPATH\Commands\Server\rewrite.php(43): require_once('FCPATH\\index.php')
CRITICAL - 2022-07-24 01:00:32 --> unlink(D:\xampp\htdocs\tests\public\uploads\): Is a directory
in APPPATH\Views\filemanager\index.php on line 66.
 1 [internal function]: CodeIgniter\Debug\Exceptions->errorHandler(2, 'unlink(D:\\xampp\\htdocs\\tests\\public\\uploads\\): Is a directory', 'APPPATH\\Views\\filemanager\\index.php', 66)
 2 APPPATH\Views\filemanager\index.php(66): unlink('FCPATH\\uploads')
 3 SYSTEMPATH\View\View.php(213): include('APPPATH\\Views\\filemanager\\index.php')
 4 SYSTEMPATH\View\View.php(216): CodeIgniter\View\View->CodeIgniter\View\{closure}()
 5 SYSTEMPATH\Common.php(1135): CodeIgniter\View\View->render('FileManager/index', [], true)
 6 APPPATH\Controllers\FileManager.php(41): view('FileManager/index', [...])
 7 SYSTEMPATH\CodeIgniter.php(896): App\Controllers\FileManager->getIndex()
 8 SYSTEMPATH\CodeIgniter.php(466): CodeIgniter\CodeIgniter->runController(Object(App\Controllers\FileManager))
 9 SYSTEMPATH\CodeIgniter.php(349): CodeIgniter\CodeIgniter->handleRequest(null, Object(Config\Cache), false)
10 FCPATH\index.php(55): CodeIgniter\CodeIgniter->run()
11 SYSTEMPATH\Commands\Server\rewrite.php(43): require_once('FCPATH\\index.php')
CRITICAL - 2022-07-24 01:00:47 --> unlink(D:\xampp\htdocs\tests\public\uploads\): Is a directory
in APPPATH\Views\filemanager\index.php on line 66.
 1 [internal function]: CodeIgniter\Debug\Exceptions->errorHandler(2, 'unlink(D:\\xampp\\htdocs\\tests\\public\\uploads\\): Is a directory', 'APPPATH\\Views\\filemanager\\index.php', 66)
 2 APPPATH\Views\filemanager\index.php(66): unlink('FCPATH\\uploads')
 3 SYSTEMPATH\View\View.php(213): include('APPPATH\\Views\\filemanager\\index.php')
 4 SYSTEMPATH\View\View.php(216): CodeIgniter\View\View->CodeIgniter\View\{closure}()
 5 SYSTEMPATH\Common.php(1135): CodeIgniter\View\View->render('FileManager/index', [], true)
 6 APPPATH\Controllers\FileManager.php(41): view('FileManager/index', [...])
 7 SYSTEMPATH\CodeIgniter.php(896): App\Controllers\FileManager->getIndex()
 8 SYSTEMPATH\CodeIgniter.php(466): CodeIgniter\CodeIgniter->runController(Object(App\Controllers\FileManager))
 9 SYSTEMPATH\CodeIgniter.php(349): CodeIgniter\CodeIgniter->handleRequest(null, Object(Config\Cache), false)
10 FCPATH\index.php(55): CodeIgniter\CodeIgniter->run()
11 SYSTEMPATH\Commands\Server\rewrite.php(43): require_once('FCPATH\\index.php')
CRITICAL - 2022-07-24 01:08:43 --> syntax error, unexpected token "}"
in APPPATH\Controllers\FileManager.php on line 114.
 1 SYSTEMPATH\Autoloader\Autoloader.php(261): CodeIgniter\Autoloader\Autoloader->includeFile('APPPATH\\Controllers\\FileManager.php')
 2 SYSTEMPATH\Autoloader\Autoloader.php(239): CodeIgniter\Autoloader\Autoloader->loadInNamespace('App\\Controllers\\FileManager')
 3 [internal function]: CodeIgniter\Autoloader\Autoloader->loadClass('App\\Controllers\\FileManager')
 4 SYSTEMPATH\Router\AutoRouterImproved.php(264): class_exists('App\\Controllers\\FileManager')
 5 SYSTEMPATH\Router\AutoRouterImproved.php(115): CodeIgniter\Router\AutoRouterImproved->scanControllers([...])
 6 SYSTEMPATH\Router\Router.php(499): CodeIgniter\Router\AutoRouterImproved->getRoute('FileManager/')
 7 SYSTEMPATH\Router\Router.php(205): CodeIgniter\Router\Router->autoRoute('FileManager/')
 8 SYSTEMPATH\CodeIgniter.php(771): CodeIgniter\Router\Router->handle('FileManager/')
 9 SYSTEMPATH\CodeIgniter.php(415): CodeIgniter\CodeIgniter->tryToRouteIt(Object(CodeIgniter\Router\RouteCollection))
10 SYSTEMPATH\CodeIgniter.php(349): CodeIgniter\CodeIgniter->handleRequest(null, Object(Config\Cache), false)
11 FCPATH\index.php(55): CodeIgniter\CodeIgniter->run()
12 SYSTEMPATH\Commands\Server\rewrite.php(43): require_once('FCPATH\\index.php')
CRITICAL - 2022-07-24 01:08:46 --> syntax error, unexpected token "}"
in APPPATH\Controllers\FileManager.php on line 114.
 1 SYSTEMPATH\Autoloader\Autoloader.php(261): CodeIgniter\Autoloader\Autoloader->includeFile('APPPATH\\Controllers\\FileManager.php')
 2 SYSTEMPATH\Autoloader\Autoloader.php(239): CodeIgniter\Autoloader\Autoloader->loadInNamespace('App\\Controllers\\FileManager')
 3 [internal function]: CodeIgniter\Autoloader\Autoloader->loadClass('App\\Controllers\\FileManager')
 4 SYSTEMPATH\Router\AutoRouterImproved.php(264): class_exists('App\\Controllers\\FileManager')
 5 SYSTEMPATH\Router\AutoRouterImproved.php(115): CodeIgniter\Router\AutoRouterImproved->scanControllers([...])
 6 SYSTEMPATH\Router\Router.php(499): CodeIgniter\Router\AutoRouterImproved->getRoute('FileManager/uploadFile')
 7 SYSTEMPATH\Router\Router.php(205): CodeIgniter\Router\Router->autoRoute('FileManager/uploadFile')
 8 SYSTEMPATH\CodeIgniter.php(771): CodeIgniter\Router\Router->handle('FileManager/uploadFile')
 9 SYSTEMPATH\CodeIgniter.php(415): CodeIgniter\CodeIgniter->tryToRouteIt(Object(CodeIgniter\Router\RouteCollection))
10 SYSTEMPATH\CodeIgniter.php(349): CodeIgniter\CodeIgniter->handleRequest(null, Object(Config\Cache), false)
11 FCPATH\index.php(55): CodeIgniter\CodeIgniter->run()
12 SYSTEMPATH\Commands\Server\rewrite.php(43): require_once('FCPATH\\index.php')
CRITICAL - 2022-07-24 01:08:49 --> syntax error, unexpected token "}"
in APPPATH\Controllers\FileManager.php on line 114.
 1 SYSTEMPATH\Autoloader\Autoloader.php(261): CodeIgniter\Autoloader\Autoloader->includeFile('APPPATH\\Controllers\\FileManager.php')
 2 SYSTEMPATH\Autoloader\Autoloader.php(239): CodeIgniter\Autoloader\Autoloader->loadInNamespace('App\\Controllers\\FileManager')
 3 [internal function]: CodeIgniter\Autoloader\Autoloader->loadClass('App\\Controllers\\FileManager')
 4 SYSTEMPATH\Router\AutoRouterImproved.php(264): class_exists('App\\Controllers\\FileManager')
 5 SYSTEMPATH\Router\AutoRouterImproved.php(115): CodeIgniter\Router\AutoRouterImproved->scanControllers([...])
 6 SYSTEMPATH\Router\Router.php(499): CodeIgniter\Router\AutoRouterImproved->getRoute('FileManager')
 7 SYSTEMPATH\Router\Router.php(205): CodeIgniter\Router\Router->autoRoute('FileManager')
 8 SYSTEMPATH\CodeIgniter.php(771): CodeIgniter\Router\Router->handle('FileManager')
 9 SYSTEMPATH\CodeIgniter.php(415): CodeIgniter\CodeIgniter->tryToRouteIt(Object(CodeIgniter\Router\RouteCollection))
10 SYSTEMPATH\CodeIgniter.php(349): CodeIgniter\CodeIgniter->handleRequest(null, Object(Config\Cache), false)
11 FCPATH\index.php(55): CodeIgniter\CodeIgniter->run()
12 SYSTEMPATH\Commands\Server\rewrite.php(43): require_once('FCPATH\\index.php')
CRITICAL - 2022-07-24 01:09:09 --> syntax error, unexpected token "?"
in APPPATH\Views\filemanager\index.php on line 75.
 1 SYSTEMPATH\View\View.php(216): CodeIgniter\View\View->CodeIgniter\View\{closure}()
 2 SYSTEMPATH\Common.php(1135): CodeIgniter\View\View->render('FileManager/index', [], true)
 3 APPPATH\Controllers\FileManager.php(41): view('FileManager/index', [...])
 4 SYSTEMPATH\CodeIgniter.php(896): App\Controllers\FileManager->getIndex()
 5 SYSTEMPATH\CodeIgniter.php(466): CodeIgniter\CodeIgniter->runController(Object(App\Controllers\FileManager))
 6 SYSTEMPATH\CodeIgniter.php(349): CodeIgniter\CodeIgniter->handleRequest(null, Object(Config\Cache), false)
 7 FCPATH\index.php(55): CodeIgniter\CodeIgniter->run()
 8 SYSTEMPATH\Commands\Server\rewrite.php(43): require_once('FCPATH\\index.php')
CRITICAL - 2022-07-24 01:20:01 --> Undefined variable $userInfo
in APPPATH\Views\filemanager\index.php on line 11.
 1 APPPATH\Views\filemanager\index.php(11): CodeIgniter\Debug\Exceptions->errorHandler(2, 'Undefined variable $userInfo', 'APPPATH\\Views\\filemanager\\index.php', 11)
 2 SYSTEMPATH\View\View.php(213): include('APPPATH\\Views\\filemanager\\index.php')
 3 SYSTEMPATH\View\View.php(216): CodeIgniter\View\View->CodeIgniter\View\{closure}()
 4 SYSTEMPATH\Common.php(1135): CodeIgniter\View\View->render('FileManager/index', [], true)
 5 APPPATH\Controllers\FileManager.php(84): view('FileManager/index', [...])
 6 SYSTEMPATH\CodeIgniter.php(896): App\Controllers\FileManager->postUploadFile()
 7 SYSTEMPATH\CodeIgniter.php(466): CodeIgniter\CodeIgniter->runController(Object(App\Controllers\FileManager))
 8 SYSTEMPATH\CodeIgniter.php(349): CodeIgniter\CodeIgniter->handleRequest(null, Object(Config\Cache), false)
 9 FCPATH\index.php(55): CodeIgniter\CodeIgniter->run()
10 SYSTEMPATH\Commands\Server\rewrite.php(43): require_once('FCPATH\\index.php')
CRITICAL - 2022-07-24 14:20:32 --> Undefined property: App\Controllers\FileManager::$load
in APPPATH\Controllers\FileManager.php on line 125.
 1 APPPATH\Controllers\FileManager.php(125): CodeIgniter\Debug\Exceptions->errorHandler(2, 'Undefined property: App\\Controllers\\FileManager::$load', 'APPPATH\\Controllers\\FileManager.php', 125)
 2 SYSTEMPATH\CodeIgniter.php(896): App\Controllers\FileManager->postDownloadFile('test.txt')
 3 SYSTEMPATH\CodeIgniter.php(466): CodeIgniter\CodeIgniter->runController(Object(App\Controllers\FileManager))
 4 SYSTEMPATH\CodeIgniter.php(349): CodeIgniter\CodeIgniter->handleRequest(null, Object(Config\Cache), false)
 5 FCPATH\index.php(55): CodeIgniter\CodeIgniter->run()
 6 SYSTEMPATH\Commands\Server\rewrite.php(43): require_once('FCPATH\\index.php')
CRITICAL - 2022-07-24 14:21:42 --> Maximum execution time of 60 seconds exceeded
in SYSTEMPATH\Debug\Exceptions.php on line 142.
 1 [internal function]: CodeIgniter\Debug\Exceptions->shutdownHandler()
CRITICAL - 2022-07-24 14:22:43 --> Maximum execution time of 60 seconds exceeded
in SYSTEMPATH\Debug\Exceptions.php on line 142.
 1 [internal function]: CodeIgniter\Debug\Exceptions->shutdownHandler()
CRITICAL - 2022-07-24 14:22:43 --> unlink(D:\xampp\htdocs\tests\public\uploads\test_9.txt): No such file or directory
in APPPATH\Controllers\FileManager.php on line 113.
 1 [internal function]: CodeIgniter\Debug\Exceptions->errorHandler(2, 'unlink(D:\\xampp\\htdocs\\tests\\public\\uploads\\test_9.txt): No such file or directory', 'APPPATH\\Controllers\\FileManager.php', 113)
 2 APPPATH\Controllers\FileManager.php(113): unlink('FCPATH\\uploads\\test_9.txt')
 3 SYSTEMPATH\CodeIgniter.php(896): App\Controllers\FileManager->postDeleteFile()
 4 SYSTEMPATH\CodeIgniter.php(466): CodeIgniter\CodeIgniter->runController(Object(App\Controllers\FileManager))
 5 SYSTEMPATH\CodeIgniter.php(349): CodeIgniter\CodeIgniter->handleRequest(null, Object(Config\Cache), false)
 6 FCPATH\index.php(55): CodeIgniter\CodeIgniter->run()
 7 SYSTEMPATH\Commands\Server\rewrite.php(43): require_once('FCPATH\\index.php')
CRITICAL - 2022-07-24 14:22:43 --> unlink(D:\xampp\htdocs\tests\public\uploads\test_9.txt): No such file or directory
in APPPATH\Controllers\FileManager.php on line 113.
 1 [internal function]: CodeIgniter\Debug\Exceptions->errorHandler(2, 'unlink(D:\\xampp\\htdocs\\tests\\public\\uploads\\test_9.txt): No such file or directory', 'APPPATH\\Controllers\\FileManager.php', 113)
 2 APPPATH\Controllers\FileManager.php(113): unlink('FCPATH\\uploads\\test_9.txt')
 3 SYSTEMPATH\CodeIgniter.php(896): App\Controllers\FileManager->postDeleteFile()
 4 SYSTEMPATH\CodeIgniter.php(466): CodeIgniter\CodeIgniter->runController(Object(App\Controllers\FileManager))
 5 SYSTEMPATH\CodeIgniter.php(349): CodeIgniter\CodeIgniter->handleRequest(null, Object(Config\Cache), false)
 6 FCPATH\index.php(55): CodeIgniter\CodeIgniter->run()
 7 SYSTEMPATH\Commands\Server\rewrite.php(43): require_once('FCPATH\\index.php')
CRITICAL - 2022-07-24 14:24:15 --> Maximum execution time of 60 seconds exceeded
in SYSTEMPATH\Debug\Exceptions.php on line 142.
 1 [internal function]: CodeIgniter\Debug\Exceptions->shutdownHandler()
CRITICAL - 2022-07-24 14:25:20 --> Maximum execution time of 60 seconds exceeded
in SYSTEMPATH\Debug\Exceptions.php on line 142.
 1 [internal function]: CodeIgniter\Debug\Exceptions->shutdownHandler()
CRITICAL - 2022-07-24 14:26:20 --> Maximum execution time of 60 seconds exceeded
in SYSTEMPATH\Debug\Exceptions.php on line 142.
 1 [internal function]: CodeIgniter\Debug\Exceptions->shutdownHandler()
CRITICAL - 2022-07-24 14:28:03 --> Maximum execution time of 60 seconds exceeded
in SYSTEMPATH\Debug\Exceptions.php on line 142.
 1 [internal function]: CodeIgniter\Debug\Exceptions->shutdownHandler()
CRITICAL - 2022-07-24 14:38:49 --> Maximum execution time of 60 seconds exceeded
in SYSTEMPATH\Debug\Exceptions.php on line 142.
 1 [internal function]: CodeIgniter\Debug\Exceptions->shutdownHandler()
CRITICAL - 2022-07-24 14:40:50 --> Call to undefined function App\Controllers\force_download()
in APPPATH\Controllers\FileManager.php on line 137.
 1 SYSTEMPATH\CodeIgniter.php(896): App\Controllers\FileManager->postDownloadFile()
 2 SYSTEMPATH\CodeIgniter.php(466): CodeIgniter\CodeIgniter->runController(Object(App\Controllers\FileManager))
 3 SYSTEMPATH\CodeIgniter.php(349): CodeIgniter\CodeIgniter->handleRequest(null, Object(Config\Cache), false)
 4 FCPATH\index.php(55): CodeIgniter\CodeIgniter->run()
 5 SYSTEMPATH\Commands\Server\rewrite.php(43): require_once('FCPATH\\index.php')
CRITICAL - 2022-07-24 14:48:22 --> Call to undefined function App\Controllers\force_download()
in APPPATH\Controllers\FileManager.php on line 138.
 1 SYSTEMPATH\CodeIgniter.php(896): App\Controllers\FileManager->postDownloadFile()
 2 SYSTEMPATH\CodeIgniter.php(466): CodeIgniter\CodeIgniter->runController(Object(App\Controllers\FileManager))
 3 SYSTEMPATH\CodeIgniter.php(349): CodeIgniter\CodeIgniter->handleRequest(null, Object(Config\Cache), false)
 4 FCPATH\index.php(55): CodeIgniter\CodeIgniter->run()
 5 SYSTEMPATH\Commands\Server\rewrite.php(43): require_once('FCPATH\\index.php')
CRITICAL - 2022-07-24 14:49:01 --> file_get_contents(http://localhost:8080\uploads\test.txt): Failed to open stream: operation failed
in APPPATH\Controllers\FileManager.php on line 136.
 1 [internal function]: CodeIgniter\Debug\Exceptions->errorHandler(2, 'file_get_contents(http://localhost:8080\\uploads\\test.txt): Failed to open stream: operation failed', 'APPPATH\\Controllers\\FileManager.php', 136)
 2 APPPATH\Controllers\FileManager.php(136): file_get_contents('http://localhost:8080\\uploads\\test.txt')
 3 SYSTEMPATH\CodeIgniter.php(896): App\Controllers\FileManager->postDownloadFile()
 4 SYSTEMPATH\CodeIgniter.php(466): CodeIgniter\CodeIgniter->runController(Object(App\Controllers\FileManager))
 5 SYSTEMPATH\CodeIgniter.php(349): CodeIgniter\CodeIgniter->handleRequest(null, Object(Config\Cache), false)
 6 FCPATH\index.php(55): CodeIgniter\CodeIgniter->run()
 7 SYSTEMPATH\Commands\Server\rewrite.php(43): require_once('FCPATH\\index.php')
CRITICAL - 2022-07-24 14:50:23 --> Maximum execution time of 60 seconds exceeded
in SYSTEMPATH\Debug\Exceptions.php on line 142.
 1 [internal function]: CodeIgniter\Debug\Exceptions->shutdownHandler()
CRITICAL - 2022-07-24 14:51:23 --> Maximum execution time of 60 seconds exceeded
in SYSTEMPATH\Debug\Exceptions.php on line 142.
 1 [internal function]: CodeIgniter\Debug\Exceptions->shutdownHandler()
CRITICAL - 2022-07-24 14:58:29 --> Maximum execution time of 60 seconds exceeded
in SYSTEMPATH\Debug\Exceptions.php on line 142.
 1 [internal function]: CodeIgniter\Debug\Exceptions->shutdownHandler()
CRITICAL - 2022-07-24 14:58:37 --> file_get_contents(http://localhost:8080uploads/test.txt): Failed to open stream: operation failed
in APPPATH\Controllers\FileManager.php on line 136.
 1 [internal function]: CodeIgniter\Debug\Exceptions->errorHandler(2, 'file_get_contents(http://localhost:8080uploads/test.txt): Failed to open stream: operation failed', 'APPPATH\\Controllers\\FileManager.php', 136)
 2 APPPATH\Controllers\FileManager.php(136): file_get_contents('http://localhost:8080uploads/test.txt')
 3 SYSTEMPATH\CodeIgniter.php(896): App\Controllers\FileManager->postDownloadFile()
 4 SYSTEMPATH\CodeIgniter.php(466): CodeIgniter\CodeIgniter->runController(Object(App\Controllers\FileManager))
 5 SYSTEMPATH\CodeIgniter.php(349): CodeIgniter\CodeIgniter->handleRequest(null, Object(Config\Cache), false)
 6 FCPATH\index.php(55): CodeIgniter\CodeIgniter->run()
 7 SYSTEMPATH\Commands\Server\rewrite.php(43): require_once('FCPATH\\index.php')
CRITICAL - 2022-07-24 15:00:18 --> Maximum execution time of 60 seconds exceeded
in SYSTEMPATH\Debug\Exceptions.php on line 142.
 1 [internal function]: CodeIgniter\Debug\Exceptions->shutdownHandler()
CRITICAL - 2022-07-24 15:02:31 --> Maximum execution time of 60 seconds exceeded
in SYSTEMPATH\Debug\Exceptions.php on line 142.
 1 [internal function]: CodeIgniter\Debug\Exceptions->shutdownHandler()
CRITICAL - 2022-07-24 15:02:41 --> Undefined property: App\Controllers\FileManager::$load
in APPPATH\Controllers\FileManager.php on line 124.
 1 APPPATH\Controllers\FileManager.php(124): CodeIgniter\Debug\Exceptions->errorHandler(2, 'Undefined property: App\\Controllers\\FileManager::$load', 'APPPATH\\Controllers\\FileManager.php', 124)
 2 SYSTEMPATH\CodeIgniter.php(896): App\Controllers\FileManager->postDownloadFile()
 3 SYSTEMPATH\CodeIgniter.php(466): CodeIgniter\CodeIgniter->runController(Object(App\Controllers\FileManager))
 4 SYSTEMPATH\CodeIgniter.php(349): CodeIgniter\CodeIgniter->handleRequest(null, Object(Config\Cache), false)
 5 FCPATH\index.php(55): CodeIgniter\CodeIgniter->run()
 6 SYSTEMPATH\Commands\Server\rewrite.php(43): require_once('FCPATH\\index.php')
CRITICAL - 2022-07-24 15:14:40 --> Undefined property: App\Controllers\FileManager::$load
in APPPATH\Controllers\FileManager.php on line 124.
 1 APPPATH\Controllers\FileManager.php(124): CodeIgniter\Debug\Exceptions->errorHandler(2, 'Undefined property: App\\Controllers\\FileManager::$load', 'APPPATH\\Controllers\\FileManager.php', 124)
 2 SYSTEMPATH\CodeIgniter.php(896): App\Controllers\FileManager->postDownloadFile()
 3 SYSTEMPATH\CodeIgniter.php(466): CodeIgniter\CodeIgniter->runController(Object(App\Controllers\FileManager))
 4 SYSTEMPATH\CodeIgniter.php(349): CodeIgniter\CodeIgniter->handleRequest(null, Object(Config\Cache), false)
 5 FCPATH\index.php(55): CodeIgniter\CodeIgniter->run()
 6 SYSTEMPATH\Commands\Server\rewrite.php(43): require_once('FCPATH\\index.php')
CRITICAL - 2022-07-24 15:15:45 --> Maximum execution time of 60 seconds exceeded
in SYSTEMPATH\Debug\Exceptions.php on line 142.
 1 [internal function]: CodeIgniter\Debug\Exceptions->shutdownHandler()
CRITICAL - 2022-07-24 15:17:01 --> Maximum execution time of 60 seconds exceeded
in SYSTEMPATH\Debug\Exceptions.php on line 142.
 1 [internal function]: CodeIgniter\Debug\Exceptions->shutdownHandler()
CRITICAL - 2022-07-24 15:18:12 --> Maximum execution time of 60 seconds exceeded
in SYSTEMPATH\Debug\Exceptions.php on line 142.
 1 [internal function]: CodeIgniter\Debug\Exceptions->shutdownHandler()
CRITICAL - 2022-07-24 15:55:00 --> Undefined property: App\Controllers\FileManager::$load
in APPPATH\Controllers\FileManager.php on line 124.
 1 APPPATH\Controllers\FileManager.php(124): CodeIgniter\Debug\Exceptions->errorHandler(2, 'Undefined property: App\\Controllers\\FileManager::$load', 'APPPATH\\Controllers\\FileManager.php', 124)
 2 SYSTEMPATH\CodeIgniter.php(896): App\Controllers\FileManager->postDownloadFile()
 3 SYSTEMPATH\CodeIgniter.php(466): CodeIgniter\CodeIgniter->runController(Object(App\Controllers\FileManager))
 4 SYSTEMPATH\CodeIgniter.php(349): CodeIgniter\CodeIgniter->handleRequest(null, Object(Config\Cache), false)
 5 FCPATH\index.php(55): CodeIgniter\CodeIgniter->run()
 6 SYSTEMPATH\Commands\Server\rewrite.php(43): require_once('FCPATH\\index.php')
CRITICAL - 2022-07-24 15:59:09 --> Undefined property: App\Controllers\FileManager::$load
in APPPATH\Controllers\FileManager.php on line 144.
 1 APPPATH\Controllers\FileManager.php(144): CodeIgniter\Debug\Exceptions->errorHandler(2, 'Undefined property: App\\Controllers\\FileManager::$load', 'APPPATH\\Controllers\\FileManager.php', 144)
 2 SYSTEMPATH\CodeIgniter.php(896): App\Controllers\FileManager->getDownload()
 3 SYSTEMPATH\CodeIgniter.php(466): CodeIgniter\CodeIgniter->runController(Object(App\Controllers\FileManager))
 4 SYSTEMPATH\CodeIgniter.php(349): CodeIgniter\CodeIgniter->handleRequest(null, Object(Config\Cache), false)
 5 FCPATH\index.php(55): CodeIgniter\CodeIgniter->run()
 6 SYSTEMPATH\Commands\Server\rewrite.php(43): require_once('FCPATH\\index.php')
CRITICAL - 2022-07-24 16:02:54 --> Maximum execution time of 60 seconds exceeded
in SYSTEMPATH\Debug\Exceptions.php on line 142.
 1 [internal function]: CodeIgniter\Debug\Exceptions->shutdownHandler()
CRITICAL - 2022-07-24 16:02:54 --> unlink(D:\xampp\htdocs\tests\public\uploads\test_10.txt): No such file or directory
in APPPATH\Controllers\FileManager.php on line 113.
 1 [internal function]: CodeIgniter\Debug\Exceptions->errorHandler(2, 'unlink(D:\\xampp\\htdocs\\tests\\public\\uploads\\test_10.txt): No such file or directory', 'APPPATH\\Controllers\\FileManager.php', 113)
 2 APPPATH\Controllers\FileManager.php(113): unlink('FCPATH\\uploads\\test_10.txt')
 3 SYSTEMPATH\CodeIgniter.php(896): App\Controllers\FileManager->postDeleteFile()
 4 SYSTEMPATH\CodeIgniter.php(466): CodeIgniter\CodeIgniter->runController(Object(App\Controllers\FileManager))
 5 SYSTEMPATH\CodeIgniter.php(349): CodeIgniter\CodeIgniter->handleRequest(null, Object(Config\Cache), false)
 6 FCPATH\index.php(55): CodeIgniter\CodeIgniter->run()
 7 SYSTEMPATH\Commands\Server\rewrite.php(43): require_once('FCPATH\\index.php')
CRITICAL - 2022-07-24 16:04:08 --> Maximum execution time of 60 seconds exceeded
in SYSTEMPATH\Debug\Exceptions.php on line 142.
 1 [internal function]: CodeIgniter\Debug\Exceptions->shutdownHandler()
CRITICAL - 2022-07-24 16:04:48 --> Call to undefined method CodeIgniter\HTTP\Response::force_download()
in APPPATH\Controllers\FileManager.php on line 138.
 1 SYSTEMPATH\CodeIgniter.php(896): App\Controllers\FileManager->postDownloadFile()
 2 SYSTEMPATH\CodeIgniter.php(466): CodeIgniter\CodeIgniter->runController(Object(App\Controllers\FileManager))
 3 SYSTEMPATH\CodeIgniter.php(349): CodeIgniter\CodeIgniter->handleRequest(null, Object(Config\Cache), false)
 4 FCPATH\index.php(55): CodeIgniter\CodeIgniter->run()
 5 SYSTEMPATH\Commands\Server\rewrite.php(43): require_once('FCPATH\\index.php')
CRITICAL - 2022-07-24 16:05:07 --> Call to undefined function App\Controllers\force_download()
in APPPATH\Controllers\FileManager.php on line 138.
 1 SYSTEMPATH\CodeIgniter.php(896): App\Controllers\FileManager->postDownloadFile()
 2 SYSTEMPATH\CodeIgniter.php(466): CodeIgniter\CodeIgniter->runController(Object(App\Controllers\FileManager))
 3 SYSTEMPATH\CodeIgniter.php(349): CodeIgniter\CodeIgniter->handleRequest(null, Object(Config\Cache), false)
 4 FCPATH\index.php(55): CodeIgniter\CodeIgniter->run()
 5 SYSTEMPATH\Commands\Server\rewrite.php(43): require_once('FCPATH\\index.php')
CRITICAL - 2022-07-24 16:21:01 --> Maximum execution time of 60 seconds exceeded
in SYSTEMPATH\Debug\Exceptions.php on line 142.
 1 [internal function]: CodeIgniter\Debug\Exceptions->shutdownHandler()
CRITICAL - 2022-07-24 17:03:02 --> syntax error, unexpected variable "$filePath"
in APPPATH\Controllers\FileManager.php on line 183.
 1 SYSTEMPATH\Autoloader\Autoloader.php(261): CodeIgniter\Autoloader\Autoloader->includeFile('APPPATH\\Controllers\\FileManager.php')
 2 SYSTEMPATH\Autoloader\Autoloader.php(239): CodeIgniter\Autoloader\Autoloader->loadInNamespace('App\\Controllers\\FileManager')
 3 [internal function]: CodeIgniter\Autoloader\Autoloader->loadClass('App\\Controllers\\FileManager')
 4 SYSTEMPATH\Router\AutoRouterImproved.php(264): class_exists('App\\Controllers\\FileManager')
 5 SYSTEMPATH\Router\AutoRouterImproved.php(115): CodeIgniter\Router\AutoRouterImproved->scanControllers([...])
 6 SYSTEMPATH\Router\Router.php(499): CodeIgniter\Router\AutoRouterImproved->getRoute('FileManager/downloadFile')
 7 SYSTEMPATH\Router\Router.php(205): CodeIgniter\Router\Router->autoRoute('FileManager/downloadFile')
 8 SYSTEMPATH\CodeIgniter.php(771): CodeIgniter\Router\Router->handle('FileManager/downloadFile')
 9 SYSTEMPATH\CodeIgniter.php(415): CodeIgniter\CodeIgniter->tryToRouteIt(Object(CodeIgniter\Router\RouteCollection))
10 SYSTEMPATH\CodeIgniter.php(349): CodeIgniter\CodeIgniter->handleRequest(null, Object(Config\Cache), false)
11 FCPATH\index.php(55): CodeIgniter\CodeIgniter->run()
12 SYSTEMPATH\Commands\Server\rewrite.php(43): require_once('FCPATH\\index.php')
CRITICAL - 2022-07-24 17:13:45 --> syntax error, unexpected variable "$filePath"
in APPPATH\Controllers\FileManager.php on line 185.
 1 SYSTEMPATH\Autoloader\Autoloader.php(261): CodeIgniter\Autoloader\Autoloader->includeFile('APPPATH\\Controllers\\FileManager.php')
 2 SYSTEMPATH\Autoloader\Autoloader.php(239): CodeIgniter\Autoloader\Autoloader->loadInNamespace('App\\Controllers\\FileManager')
 3 [internal function]: CodeIgniter\Autoloader\Autoloader->loadClass('App\\Controllers\\FileManager')
 4 SYSTEMPATH\Router\AutoRouterImproved.php(264): class_exists('App\\Controllers\\FileManager')
 5 SYSTEMPATH\Router\AutoRouterImproved.php(115): CodeIgniter\Router\AutoRouterImproved->scanControllers([...])
 6 SYSTEMPATH\Router\Router.php(499): CodeIgniter\Router\AutoRouterImproved->getRoute('FileManager/downloadFile')
 7 SYSTEMPATH\Router\Router.php(205): CodeIgniter\Router\Router->autoRoute('FileManager/downloadFile')
 8 SYSTEMPATH\CodeIgniter.php(771): CodeIgniter\Router\Router->handle('FileManager/downloadFile')
 9 SYSTEMPATH\CodeIgniter.php(415): CodeIgniter\CodeIgniter->tryToRouteIt(Object(CodeIgniter\Router\RouteCollection))
10 SYSTEMPATH\CodeIgniter.php(349): CodeIgniter\CodeIgniter->handleRequest(null, Object(Config\Cache), false)
11 FCPATH\index.php(55): CodeIgniter\CodeIgniter->run()
12 SYSTEMPATH\Commands\Server\rewrite.php(43): require_once('FCPATH\\index.php')
CRITICAL - 2022-07-24 17:16:05 --> syntax error, unexpected token "echo", expecting ";"
in APPPATH\Controllers\FileManager.php on line 212.
 1 SYSTEMPATH\Autoloader\Autoloader.php(261): CodeIgniter\Autoloader\Autoloader->includeFile('APPPATH\\Controllers\\FileManager.php')
 2 SYSTEMPATH\Autoloader\Autoloader.php(239): CodeIgniter\Autoloader\Autoloader->loadInNamespace('App\\Controllers\\FileManager')
 3 [internal function]: CodeIgniter\Autoloader\Autoloader->loadClass('App\\Controllers\\FileManager')
 4 SYSTEMPATH\Router\AutoRouterImproved.php(264): class_exists('App\\Controllers\\FileManager')
 5 SYSTEMPATH\Router\AutoRouterImproved.php(115): CodeIgniter\Router\AutoRouterImproved->scanControllers([...])
 6 SYSTEMPATH\Router\Router.php(499): CodeIgniter\Router\AutoRouterImproved->getRoute('FileManager/downloadFile')
 7 SYSTEMPATH\Router\Router.php(205): CodeIgniter\Router\Router->autoRoute('FileManager/downloadFile')
 8 SYSTEMPATH\CodeIgniter.php(771): CodeIgniter\Router\Router->handle('FileManager/downloadFile')
 9 SYSTEMPATH\CodeIgniter.php(415): CodeIgniter\CodeIgniter->tryToRouteIt(Object(CodeIgniter\Router\RouteCollection))
10 SYSTEMPATH\CodeIgniter.php(349): CodeIgniter\CodeIgniter->handleRequest(null, Object(Config\Cache), false)
11 FCPATH\index.php(55): CodeIgniter\CodeIgniter->run()
12 SYSTEMPATH\Commands\Server\rewrite.php(43): require_once('FCPATH\\index.php')
CRITICAL - 2022-07-24 17:39:38 --> Call to undefined function App\Controllers\mime_content_type()
in APPPATH\Controllers\FileManager.php on line 192.
 1 SYSTEMPATH\CodeIgniter.php(896): App\Controllers\FileManager->getDownload()
 2 SYSTEMPATH\CodeIgniter.php(466): CodeIgniter\CodeIgniter->runController(Object(App\Controllers\FileManager))
 3 SYSTEMPATH\CodeIgniter.php(349): CodeIgniter\CodeIgniter->handleRequest(null, Object(Config\Cache), false)
 4 FCPATH\index.php(55): CodeIgniter\CodeIgniter->run()
 5 SYSTEMPATH\Commands\Server\rewrite.php(43): require_once('FCPATH\\index.php')
CRITICAL - 2022-07-24 17:40:11 --> Call to undefined function App\Controllers\mime_content_type()
in APPPATH\Controllers\FileManager.php on line 192.
 1 SYSTEMPATH\CodeIgniter.php(896): App\Controllers\FileManager->getDownload()
 2 SYSTEMPATH\CodeIgniter.php(466): CodeIgniter\CodeIgniter->runController(Object(App\Controllers\FileManager))
 3 SYSTEMPATH\CodeIgniter.php(349): CodeIgniter\CodeIgniter->handleRequest(null, Object(Config\Cache), false)
 4 FCPATH\index.php(55): CodeIgniter\CodeIgniter->run()
 5 SYSTEMPATH\Commands\Server\rewrite.php(43): require_once('FCPATH\\index.php')
CRITICAL - 2022-07-24 17:40:14 --> Call to undefined function App\Controllers\mime_content_type()
in APPPATH\Controllers\FileManager.php on line 192.
 1 SYSTEMPATH\CodeIgniter.php(896): App\Controllers\FileManager->getDownload()
 2 SYSTEMPATH\CodeIgniter.php(466): CodeIgniter\CodeIgniter->runController(Object(App\Controllers\FileManager))
 3 SYSTEMPATH\CodeIgniter.php(349): CodeIgniter\CodeIgniter->handleRequest(null, Object(Config\Cache), false)
 4 FCPATH\index.php(55): CodeIgniter\CodeIgniter->run()
 5 SYSTEMPATH\Commands\Server\rewrite.php(43): require_once('FCPATH\\index.php')
CRITICAL - 2022-07-24 17:40:38 --> Call to undefined function App\Controllers\mime_content_type()
in APPPATH\Controllers\FileManager.php on line 192.
 1 SYSTEMPATH\CodeIgniter.php(896): App\Controllers\FileManager->getDownload()
 2 SYSTEMPATH\CodeIgniter.php(466): CodeIgniter\CodeIgniter->runController(Object(App\Controllers\FileManager))
 3 SYSTEMPATH\CodeIgniter.php(349): CodeIgniter\CodeIgniter->handleRequest(null, Object(Config\Cache), false)
 4 FCPATH\index.php(55): CodeIgniter\CodeIgniter->run()
 5 SYSTEMPATH\Commands\Server\rewrite.php(43): require_once('FCPATH\\index.php')
CRITICAL - 2022-07-24 17:47:28 --> Undefined variable $response
in APPPATH\Controllers\FileManager.php on line 216.
 1 APPPATH\Controllers\FileManager.php(216): CodeIgniter\Debug\Exceptions->errorHandler(2, 'Undefined variable $response', 'APPPATH\\Controllers\\FileManager.php', 216)
 2 SYSTEMPATH\CodeIgniter.php(896): App\Controllers\FileManager->getDownload()
 3 SYSTEMPATH\CodeIgniter.php(466): CodeIgniter\CodeIgniter->runController(Object(App\Controllers\FileManager))
 4 SYSTEMPATH\CodeIgniter.php(349): CodeIgniter\CodeIgniter->handleRequest(null, Object(Config\Cache), false)
 5 FCPATH\index.php(55): CodeIgniter\CodeIgniter->run()
 6 SYSTEMPATH\Commands\Server\rewrite.php(43): require_once('FCPATH\\index.php')
CRITICAL - 2022-07-24 17:48:12 --> Call to undefined function App\Controllers\download()
in APPPATH\Controllers\FileManager.php on line 216.
 1 SYSTEMPATH\CodeIgniter.php(896): App\Controllers\FileManager->getDownload()
 2 SYSTEMPATH\CodeIgniter.php(466): CodeIgniter\CodeIgniter->runController(Object(App\Controllers\FileManager))
 3 SYSTEMPATH\CodeIgniter.php(349): CodeIgniter\CodeIgniter->handleRequest(null, Object(Config\Cache), false)
 4 FCPATH\index.php(55): CodeIgniter\CodeIgniter->run()
 5 SYSTEMPATH\Commands\Server\rewrite.php(43): require_once('FCPATH\\index.php')
CRITICAL - 2022-07-24 17:48:27 --> Call to undefined function App\Controllers\download()
in APPPATH\Controllers\FileManager.php on line 216.
 1 SYSTEMPATH\CodeIgniter.php(896): App\Controllers\FileManager->getDownload()
 2 SYSTEMPATH\CodeIgniter.php(466): CodeIgniter\CodeIgniter->runController(Object(App\Controllers\FileManager))
 3 SYSTEMPATH\CodeIgniter.php(349): CodeIgniter\CodeIgniter->handleRequest(null, Object(Config\Cache), false)
 4 FCPATH\index.php(55): CodeIgniter\CodeIgniter->run()
 5 SYSTEMPATH\Commands\Server\rewrite.php(43): require_once('FCPATH\\index.php')
CRITICAL - 2022-07-24 17:52:59 --> File not found: /uploads/test.txt
in SYSTEMPATH\Files\File.php on line 46.
 1 SYSTEMPATH\Files\File.php(46): CodeIgniter\Files\Exceptions\FileNotFoundException::forFileNotFound('/uploads/test.txt')
 2 SYSTEMPATH\HTTP\DownloadResponse.php(97): CodeIgniter\Files\File->__construct('/uploads/test.txt', true)
 3 SYSTEMPATH\HTTP\ResponseTrait.php(779): CodeIgniter\HTTP\DownloadResponse->setFilePath('/uploads/test.txt')
 4 APPPATH\Controllers\FileManager.php(215): CodeIgniter\HTTP\Response->download('test.txt', null)
 5 SYSTEMPATH\CodeIgniter.php(896): App\Controllers\FileManager->getDownload()
 6 SYSTEMPATH\CodeIgniter.php(466): CodeIgniter\CodeIgniter->runController(Object(App\Controllers\FileManager))
 7 SYSTEMPATH\CodeIgniter.php(349): CodeIgniter\CodeIgniter->handleRequest(null, Object(Config\Cache), false)
 8 FCPATH\index.php(55): CodeIgniter\CodeIgniter->run()
 9 SYSTEMPATH\Commands\Server\rewrite.php(43): require_once('FCPATH\\index.php')
CRITICAL - 2022-07-24 17:58:53 --> Undefined variable $filename
in APPPATH\Controllers\FileManager.php on line 214.
 1 APPPATH\Controllers\FileManager.php(214): CodeIgniter\Debug\Exceptions->errorHandler(2, 'Undefined variable $filename', 'APPPATH\\Controllers\\FileManager.php', 214)
 2 SYSTEMPATH\CodeIgniter.php(896): App\Controllers\FileManager->getDownload()
 3 SYSTEMPATH\CodeIgniter.php(466): CodeIgniter\CodeIgniter->runController(Object(App\Controllers\FileManager))
 4 SYSTEMPATH\CodeIgniter.php(349): CodeIgniter\CodeIgniter->handleRequest(null, Object(Config\Cache), false)
 5 FCPATH\index.php(55): CodeIgniter\CodeIgniter->run()
 6 SYSTEMPATH\Commands\Server\rewrite.php(43): require_once('FCPATH\\index.php')
